<?xml version="1.0" encoding="UTF-8"?>
<!-- Generated by org.testng.reporters.JUnitReportReporter -->
<testsuite skipped="0" hostname="Kiran-LaptopLenovo" name="ParallelExecution.parallelOne" tests="1" failures="0" timestamp="11 Apr 2022 04:59:27 GMT" time="7.496" errors="0">
  <testcase name="test1" time="7.496" classname="ParallelExecution.parallelOne"/>
</testsuite> <!-- ParallelExecution.parallelOne -->
