<?xml version="1.0" encoding="UTF-8"?>
<!-- Generated by org.testng.reporters.JUnitReportReporter -->
<testsuite skipped="0" hostname="Kiran-LaptopLenovo" name="BasicSelenium.MultipleWindows" tests="1" failures="0" timestamp="04 Apr 2022 08:08:20 GMT" time="12.896" errors="0">
  <testcase name="test" time="12.896" classname="BasicSelenium.MultipleWindows"/>
</testsuite> <!-- BasicSelenium.MultipleWindows -->
