<?xml version="1.0" encoding="UTF-8"?>
<!-- Generated by org.testng.reporters.JUnitReportReporter -->
<testsuite skipped="0" hostname="Kiran-LaptopLenovo" name="RestAssured.GetResponse" tests="2" failures="0" timestamp="12 Jan 2023 06:04:22 GMT" time="5.002" errors="0">
  <testcase name="getData" time="5.000" classname="RestAssured.GetResponse"/>
  <testcase name="test" time="0.002" classname="RestAssured.GetResponse"/>
</testsuite> <!-- RestAssured.GetResponse -->
