<?xml version="1.0" encoding="UTF-8"?>
<!-- Generated by org.testng.reporters.JUnitReportReporter -->
<testsuite skipped="0" hostname="Kiran-LaptopLenovo" name="BasicSelenium.groupsDemo" tests="1" failures="0" timestamp="29 Dec 2021 08:35:15 GMT" time="0.016" errors="0">
  <testcase name="test1" time="0.016" classname="BasicSelenium.groupsDemo"/>
</testsuite> <!-- BasicSelenium.groupsDemo -->
