<?xml version="1.0" encoding="UTF-8"?>
<!-- Generated by org.testng.reporters.JUnitReportReporter -->
<testsuite skipped="0" hostname="Kiran-LaptopLenovo" name="BasicSelenium.FlipkartAutomation" tests="1" failures="0" timestamp="06 Apr 2022 05:47:46 GMT" time="6.220" errors="0">
  <testcase name="test" time="6.220" classname="BasicSelenium.FlipkartAutomation"/>
</testsuite> <!-- BasicSelenium.FlipkartAutomation -->
