<?xml version="1.0" encoding="UTF-8"?>
<!-- Generated by org.testng.reporters.JUnitReportReporter -->
<testsuite skipped="0" hostname="Kiran-LaptopLenovo" name="BasicSelenium.dataproviderDemo" tests="5" failures="0" timestamp="11 Apr 2022 05:01:34 GMT" time="21.707" errors="0">
  <testcase name="login" time="4.359" classname="BasicSelenium.dataproviderDemo"/>
  <testcase name="login" time="2.726" classname="BasicSelenium.dataproviderDemo"/>
  <testcase name="login" time="5.571" classname="BasicSelenium.dataproviderDemo"/>
  <testcase name="login" time="4.039" classname="BasicSelenium.dataproviderDemo"/>
  <testcase name="login" time="5.012" classname="BasicSelenium.dataproviderDemo"/>
</testsuite> <!-- BasicSelenium.dataproviderDemo -->
