<?xml version="1.0" encoding="UTF-8"?>
<!-- Generated by org.testng.reporters.JUnitReportReporter -->
<testsuite skipped="0" hostname="Kiran-LaptopLenovo" name="ParallelExecution.DragAndDrop" tests="1" failures="0" timestamp="11 Apr 2022 04:59:27 GMT" time="15.047" errors="0">
  <testcase name="test" time="15.047" classname="ParallelExecution.DragAndDrop"/>
</testsuite> <!-- ParallelExecution.DragAndDrop -->
